[0.006s] Invoking command in '/home/feng/dual_arm_control/build/dummy2_arm_moveit_config': /usr/bin/cmake --build /home/feng/dual_arm_control/build/dummy2_arm_moveit_config -- -j32 -l32
[0.023s] -- Found ament_cmake: 1.3.12 (/opt/ros/humble/share/ament_cmake/cmake)
[0.121s] Error parsing '/home/feng/dual_arm_control/src/dummy2_arm_moveit_config/package.xml':
[0.142s] Traceback (most recent call last):
[0.142s]   File "/opt/ros/humble/share/ament_cmake_core/cmake/core/package_xml_2_cmake.py", line 150, in <module>
[0.142s]     main()
[0.142s]   File "/opt/ros/humble/share/ament_cmake_core/cmake/core/package_xml_2_cmake.py", line 53, in main
[0.142s]     raise e
[0.142s]   File "/opt/ros/humble/share/ament_cmake_core/cmake/core/package_xml_2_cmake.py", line 49, in main
[0.142s]     package = parse_package_string(
[0.142s]   File "/usr/lib/python3/dist-packages/catkin_pkg/package.py", line 788, in parse_package_string
[0.142s]     pkg.validate(warnings=warnings)
[0.142s]   File "/usr/lib/python3/dist-packages/catkin_pkg/package.py", line 330, in validate
[0.142s]     raise InvalidPackage('\n'.join(errors), self.filename)
[0.143s] catkin_pkg.package.InvalidPackage: Error(s) in package '/home/feng/dual_arm_control/src/dummy2_arm_moveit_config/package.xml':
[0.143s] The package "dummy2_arm_moveit_config" must not "exec_depend" on a package with the same name as this package
[0.149s] [31mCMake Error at /opt/ros/humble/share/ament_cmake_core/cmake/core/ament_package_xml.cmake:95 (message):
[0.149s]   execute_process(/usr/bin/python3
[0.149s]   /opt/ros/humble/share/ament_cmake_core/cmake/core/package_xml_2_cmake.py
[0.149s]   /home/feng/dual_arm_control/src/dummy2_arm_moveit_config/package.xml
[0.149s]   /home/feng/dual_arm_control/build/dummy2_arm_moveit_config/ament_cmake_core/package.cmake)
[0.149s]   returned error code 1
[0.149s] Call Stack (most recent call first):
[0.149s]   /opt/ros/humble/share/ament_cmake_core/cmake/core/ament_package_xml.cmake:49 (_ament_package_xml)
[0.149s]   /opt/ros/humble/share/ament_cmake_core/cmake/core/ament_package.cmake:63 (ament_package_xml)
[0.149s]   CMakeLists.txt:6 (ament_package)
[0.149s] 
[0.149s] [0m
[0.149s] -- Configuring incomplete, errors occurred!
[0.149s] See also "/home/feng/dual_arm_control/build/dummy2_arm_moveit_config/CMakeFiles/CMakeOutput.log".
[0.150s] gmake: *** [Makefile:226ï¼šcmake_check_build_system] é”™è¯¯ 1
[0.152s] Invoked command in '/home/feng/dual_arm_control/build/dummy2_arm_moveit_config' returned '2': /usr/bin/cmake --build /home/feng/dual_arm_control/build/dummy2_arm_moveit_config -- -j32 -l32
